[debug] [2023-04-18T06:00:29.717Z] ----------------------------------------------------------------------
[debug] [2023-04-18T06:00:29.744Z] Command:       C:\Program Files\nodejs\node.exe C:\Users\user\AppData\Roaming\npm\node_modules\firebase-tools\lib\bin\firebase.js deploy
[debug] [2023-04-18T06:00:29.749Z] CLI Version:   11.25.3
[debug] [2023-04-18T06:00:29.754Z] Platform:      win32
[debug] [2023-04-18T06:00:29.757Z] Node Version:  v18.14.2
[debug] [2023-04-18T06:00:29.764Z] Time:          Tue Apr 18 2023 14:00:29 GMT+0800 (Philippine Standard Time)
[debug] [2023-04-18T06:00:29.766Z] ----------------------------------------------------------------------
[debug] 
[debug] [2023-04-18T06:00:29.800Z] >>> [apiv2][query] GET https://firebase-public.firebaseio.com/cli.json [none]
[debug] [2023-04-18T06:00:30.425Z] > command requires scopes: ["email","openid","https://www.googleapis.com/auth/cloudplatformprojects.readonly","https://www.googleapis.com/auth/firebase","https://www.googleapis.com/auth/cloud-platform"]
[debug] [2023-04-18T06:00:30.426Z] > authorizing via signed-in user (acidicblitzz18@gmail.com)
[debug] [2023-04-18T06:00:30.427Z] [iam] checking project aquiferia-f9786 for permissions ["firebase.projects.get","firebasehosting.sites.update"]
[debug] [2023-04-18T06:00:30.429Z] > refreshing access token with scopes: []
[debug] [2023-04-18T06:00:30.431Z] >>> [apiv2][query] POST https://www.googleapis.com/oauth2/v3/token [none]
[debug] [2023-04-18T06:00:30.431Z] >>> [apiv2][body] POST https://www.googleapis.com/oauth2/v3/token [omitted]
[debug] [2023-04-18T06:00:30.723Z] <<< [apiv2][status] POST https://www.googleapis.com/oauth2/v3/token 200
[debug] [2023-04-18T06:00:30.724Z] <<< [apiv2][body] POST https://www.googleapis.com/oauth2/v3/token [omitted]
[debug] [2023-04-18T06:00:30.742Z] >>> [apiv2][query] POST https://cloudresourcemanager.googleapis.com/v1/projects/aquiferia-f9786:testIamPermissions [none]
[debug] [2023-04-18T06:00:30.743Z] >>> [apiv2][(partial)header] POST https://cloudresourcemanager.googleapis.com/v1/projects/aquiferia-f9786:testIamPermissions x-goog-quota-user=projects/aquiferia-f9786
[debug] [2023-04-18T06:00:30.743Z] >>> [apiv2][body] POST https://cloudresourcemanager.googleapis.com/v1/projects/aquiferia-f9786:testIamPermissions {"permissions":["firebase.projects.get","firebasehosting.sites.update"]}
[debug] [2023-04-18T06:00:41.057Z] [iam] error while checking permissions, command may fail: FirebaseError: Failed to make request to https://cloudresourcemanager.googleapis.com/v1/projects/aquiferia-f9786:testIamPermissions
[debug] [2023-04-18T06:00:41.065Z] >>> [apiv2][query] GET https://firebase.googleapis.com/v1beta1/projects/aquiferia-f9786 [none]
[debug] [2023-04-18T06:00:51.286Z] Failed to make request to https://firebase.googleapis.com/v1beta1/projects/aquiferia-f9786
[debug] [2023-04-18T06:00:51.291Z] FirebaseError: Failed to make request to https://firebase.googleapis.com/v1beta1/projects/aquiferia-f9786
    at RetryOperation._fn (C:\Users\user\AppData\Roaming\npm\node_modules\firebase-tools\lib\apiv2.js:242:31)
    at process.processTicksAndRejections (node:internal/process/task_queues:95:5)
[error] 
[error] Error: Failed to get Firebase project aquiferia-f9786. Please make sure the project exists and your account has permission to access it.
